<?xml version="1.0" encoding="UTF-8"?>
<coverage generated="1661252300084" clover="3.2.0">
  <project timestamp="1661252300085" name="All files">
    <metrics statements="19" coveredstatements="11" conditionals="2" coveredconditionals="0" methods="10" coveredmethods="2" elements="31" coveredelements="13" complexity="0" loc="19" ncloc="19" packages="2" files="9" classes="9"/>
    <package name="assets.images">
      <metrics statements="3" coveredstatements="3" conditionals="0" coveredconditionals="0" methods="0" coveredmethods="0"/>
      <file name="dropArrowimg.svg" path="C:\Users\Perennial\OneDrive\Desktop\Micro Bank v1.0\micro-bank-v1.0\src\assets\images\dropArrowimg.svg">
        <metrics statements="1" coveredstatements="1" conditionals="0" coveredconditionals="0" methods="0" coveredmethods="0"/>
        <line num="1" count="1" type="stmt"/>
      </file>
      <file name="microBankLogoimg.svg" path="C:\Users\Perennial\OneDrive\Desktop\Micro Bank v1.0\micro-bank-v1.0\src\assets\images\microBankLogoimg.svg">
        <metrics statements="1" coveredstatements="1" conditionals="0" coveredconditionals="0" methods="0" coveredmethods="0"/>
        <line num="1" count="1" type="stmt"/>
      </file>
      <file name="notificationBellImg.svg" path="C:\Users\Perennial\OneDrive\Desktop\Micro Bank v1.0\micro-bank-v1.0\src\assets\images\notificationBellImg.svg">
        <metrics statements="1" coveredstatements="1" conditionals="0" coveredconditionals="0" methods="0" coveredmethods="0"/>
        <line num="1" count="1" type="stmt"/>
      </file>
    </package>
    <package name="components">
      <metrics statements="16" coveredstatements="8" conditionals="2" coveredconditionals="0" methods="10" coveredmethods="2"/>
      <file name="availableServices.vue" path="C:\Users\Perennial\OneDrive\Desktop\Micro Bank v1.0\micro-bank-v1.0\src\components\availableServices.vue">
        <metrics statements="2" coveredstatements="1" conditionals="0" coveredconditionals="0" methods="1" coveredmethods="0"/>
        <line num="20" count="1" type="stmt"/>
        <line num="23" count="0" type="stmt"/>
      </file>
      <file name="createAccForm.vue" path="C:\Users\Perennial\OneDrive\Desktop\Micro Bank v1.0\micro-bank-v1.0\src\components\createAccForm.vue">
        <metrics statements="3" coveredstatements="2" conditionals="0" coveredconditionals="0" methods="2" coveredmethods="1"/>
        <line num="57" count="1" type="stmt"/>
        <line num="59" count="4" type="stmt"/>
        <line num="108" count="0" type="stmt"/>
      </file>
      <file name="currentServices.vue" path="C:\Users\Perennial\OneDrive\Desktop\Micro Bank v1.0\micro-bank-v1.0\src\components\currentServices.vue">
        <metrics statements="3" coveredstatements="1" conditionals="2" coveredconditionals="0" methods="2" coveredmethods="0"/>
        <line num="29" count="1" type="stmt"/>
        <line num="32" count="0" type="stmt"/>
        <line num="37" count="0" type="cond" truecount="0" falsecount="2"/>
      </file>
      <file name="dashboardMenuOption.vue" path="C:\Users\Perennial\OneDrive\Desktop\Micro Bank v1.0\micro-bank-v1.0\src\components\dashboardMenuOption.vue">
        <metrics statements="3" coveredstatements="1" conditionals="0" coveredconditionals="0" methods="2" coveredmethods="0"/>
        <line num="31" count="1" type="stmt"/>
        <line num="34" count="0" type="stmt"/>
        <line num="39" count="0" type="stmt"/>
      </file>
      <file name="loginForm.vue" path="C:\Users\Perennial\OneDrive\Desktop\Micro Bank v1.0\micro-bank-v1.0\src\components\loginForm.vue">
        <metrics statements="3" coveredstatements="2" conditionals="0" coveredconditionals="0" methods="2" coveredmethods="1"/>
        <line num="39" count="1" type="stmt"/>
        <line num="41" count="5" type="stmt"/>
        <line num="47" count="0" type="stmt"/>
      </file>
      <file name="summaryCard.vue" path="C:\Users\Perennial\OneDrive\Desktop\Micro Bank v1.0\micro-bank-v1.0\src\components\summaryCard.vue">
        <metrics statements="2" coveredstatements="1" conditionals="0" coveredconditionals="0" methods="1" coveredmethods="0"/>
        <line num="14" count="1" type="stmt"/>
        <line num="16" count="0" type="stmt"/>
      </file>
    </package>
  </project>
</coverage>
