{"C:\\Users\\Perennial\\OneDrive\\Desktop\\Micro Bank v1.0\\micro-bank-v1.0\\src\\assets\\images\\dropArrowimg.svg": {"path":"C:\\Users\\Perennial\\OneDrive\\Desktop\\Micro Bank v1.0\\micro-bank-v1.0\\src\\assets\\images\\dropArrowimg.svg","statementMap":{"0":{"start":{"line":1,"column":0},"end":{"line":1,"column":19}}},"fnMap":{},"branchMap":{},"s":{"0":1},"f":{},"b":{},"_coverageSchema":"1a1c01bbd47fc00a2c39e90264f33305004495a9","hash":"466507a11126caefdeb559d3b2b4f5eecc123307"}
,"C:\\Users\\Perennial\\OneDrive\\Desktop\\Micro Bank v1.0\\micro-bank-v1.0\\src\\assets\\images\\microBankLogoimg.svg": {"path":"C:\\Users\\Perennial\\OneDrive\\Desktop\\Micro Bank v1.0\\micro-bank-v1.0\\src\\assets\\images\\microBankLogoimg.svg","statementMap":{"0":{"start":{"line":1,"column":0},"end":{"line":1,"column":19}}},"fnMap":{},"branchMap":{},"s":{"0":1},"f":{},"b":{},"_coverageSchema":"1a1c01bbd47fc00a2c39e90264f33305004495a9","hash":"7098835e3107aa0bda0b76b19b7c851fce1b61ba"}
,"C:\\Users\\Perennial\\OneDrive\\Desktop\\Micro Bank v1.0\\micro-bank-v1.0\\src\\assets\\images\\notificationBellImg.svg": {"path":"C:\\Users\\Perennial\\OneDrive\\Desktop\\Micro Bank v1.0\\micro-bank-v1.0\\src\\assets\\images\\notificationBellImg.svg","statementMap":{"0":{"start":{"line":1,"column":0},"end":{"line":1,"column":19}}},"fnMap":{},"branchMap":{},"s":{"0":1},"f":{},"b":{},"_coverageSchema":"1a1c01bbd47fc00a2c39e90264f33305004495a9","hash":"95cea53db3c040412dd27519023974393d466f1d"}
,"C:\\Users\\Perennial\\OneDrive\\Desktop\\Micro Bank v1.0\\micro-bank-v1.0\\src\\components\\availableServices.vue": {"path":"C:\\Users\\Perennial\\OneDrive\\Desktop\\Micro Bank v1.0\\micro-bank-v1.0\\src\\components\\availableServices.vue","statementMap":{"0":{"start":{"line":20,"column":15},"end":{"line":20,"column":null}},"1":{"start":{"line":23,"column":6},"end":{"line":23,"column":13}}},"fnMap":{"0":{"name":"(anonymous_0)","decl":{"start":{"line":22,"column":4},"end":{"line":22,"column":32}},"loc":{"start":{"line":22,"column":35},"end":{"line":24,"column":null}}}},"branchMap":{},"s":{"0":1,"1":0},"f":{"0":0},"b":{}}
,"C:\\Users\\Perennial\\OneDrive\\Desktop\\Micro Bank v1.0\\micro-bank-v1.0\\src\\components\\createAccForm.vue": {"path":"C:\\Users\\Perennial\\OneDrive\\Desktop\\Micro Bank v1.0\\micro-bank-v1.0\\src\\components\\createAccForm.vue","statementMap":{"0":{"start":{"line":57,"column":15},"end":{"line":57,"column":null}},"1":{"start":{"line":59,"column":4},"end":{"line":59,"column":11}},"2":{"start":{"line":108,"column":6},"end":{"line":108,"column":11}}},"fnMap":{"0":{"name":"(anonymous_0)","decl":{"start":{"line":58,"column":8},"end":{"line":58,"column":14}},"loc":{"start":{"line":58,"column":14},"end":{"line":105,"column":null}}},"1":{"name":"(anonymous_1)","decl":{"start":{"line":107,"column":4},"end":{"line":107,"column":10}},"loc":{"start":{"line":107,"column":13},"end":{"line":109,"column":null}}}},"branchMap":{},"s":{"0":1,"1":4,"2":0},"f":{"0":4,"1":0},"b":{}}
,"C:\\Users\\Perennial\\OneDrive\\Desktop\\Micro Bank v1.0\\micro-bank-v1.0\\src\\components\\currentServices.vue": {"path":"C:\\Users\\Perennial\\OneDrive\\Desktop\\Micro Bank v1.0\\micro-bank-v1.0\\src\\components\\currentServices.vue","statementMap":{"0":{"start":{"line":29,"column":15},"end":{"line":29,"column":null}},"1":{"start":{"line":32,"column":6},"end":{"line":32,"column":13}},"2":{"start":{"line":37,"column":6},"end":{"line":37,"column":13}}},"fnMap":{"0":{"name":"(anonymous_0)","decl":{"start":{"line":31,"column":4},"end":{"line":31,"column":30}},"loc":{"start":{"line":31,"column":33},"end":{"line":33,"column":null}}},"1":{"name":"(anonymous_1)","decl":{"start":{"line":36,"column":4},"end":{"line":36,"column":13}},"loc":{"start":{"line":36,"column":33},"end":{"line":38,"column":null}}}},"branchMap":{"0":{"loc":{"start":{"line":37,"column":13},"end":{"line":37,"column":null}},"type":"cond-expr","locations":[{"start":{"line":37,"column":35},"end":{"line":37,"column":44}},{"start":{"line":37,"column":44},"end":{"line":37,"column":null}}]}},"s":{"0":1,"1":0,"2":0},"f":{"0":0,"1":0},"b":{"0":[0,0]}}
,"C:\\Users\\Perennial\\OneDrive\\Desktop\\Micro Bank v1.0\\micro-bank-v1.0\\src\\components\\dashboardMenuOption.vue": {"path":"C:\\Users\\Perennial\\OneDrive\\Desktop\\Micro Bank v1.0\\micro-bank-v1.0\\src\\components\\dashboardMenuOption.vue","statementMap":{"0":{"start":{"line":31,"column":15},"end":{"line":31,"column":null}},"1":{"start":{"line":34,"column":6},"end":{"line":34,"column":13}},"2":{"start":{"line":39,"column":6},"end":{"line":39,"column":11}}},"fnMap":{"0":{"name":"(anonymous_0)","decl":{"start":{"line":33,"column":4},"end":{"line":33,"column":22}},"loc":{"start":{"line":33,"column":25},"end":{"line":35,"column":null}}},"1":{"name":"(anonymous_1)","decl":{"start":{"line":38,"column":4},"end":{"line":38,"column":10}},"loc":{"start":{"line":38,"column":13},"end":{"line":40,"column":null}}}},"branchMap":{},"s":{"0":1,"1":0,"2":0},"f":{"0":0,"1":0},"b":{}}
,"C:\\Users\\Perennial\\OneDrive\\Desktop\\Micro Bank v1.0\\micro-bank-v1.0\\src\\components\\loginForm.vue": {"path":"C:\\Users\\Perennial\\OneDrive\\Desktop\\Micro Bank v1.0\\micro-bank-v1.0\\src\\components\\loginForm.vue","statementMap":{"0":{"start":{"line":39,"column":15},"end":{"line":39,"column":null}},"1":{"start":{"line":41,"column":4},"end":{"line":41,"column":11}},"2":{"start":{"line":47,"column":6},"end":{"line":47,"column":11}}},"fnMap":{"0":{"name":"(anonymous_0)","decl":{"start":{"line":40,"column":8},"end":{"line":40,"column":14}},"loc":{"start":{"line":40,"column":14},"end":{"line":44,"column":null}}},"1":{"name":"(anonymous_1)","decl":{"start":{"line":46,"column":4},"end":{"line":46,"column":9}},"loc":{"start":{"line":46,"column":12},"end":{"line":48,"column":null}}}},"branchMap":{},"s":{"0":1,"1":5,"2":0},"f":{"0":5,"1":0},"b":{}}
,"C:\\Users\\Perennial\\OneDrive\\Desktop\\Micro Bank v1.0\\micro-bank-v1.0\\src\\components\\summaryCard.vue": {"path":"C:\\Users\\Perennial\\OneDrive\\Desktop\\Micro Bank v1.0\\micro-bank-v1.0\\src\\components\\summaryCard.vue","statementMap":{"0":{"start":{"line":14,"column":15},"end":{"line":14,"column":null}},"1":{"start":{"line":16,"column":4},"end":{"line":16,"column":11}}},"fnMap":{"0":{"name":"(anonymous_0)","decl":{"start":{"line":15,"column":8},"end":{"line":15,"column":14}},"loc":{"start":{"line":15,"column":14},"end":{"line":35,"column":null}}}},"branchMap":{},"s":{"0":1,"1":0},"f":{"0":0},"b":{}}
}
