TN:
SF:src\assets\images\dropArrowimg.svg
FNF:0
FNH:0
DA:1,1
LF:1
LH:1
BRF:0
BRH:0
end_of_record
TN:
SF:src\assets\images\microBankLogoimg.svg
FNF:0
FNH:0
DA:1,1
LF:1
LH:1
BRF:0
BRH:0
end_of_record
TN:
SF:src\assets\images\notificationBellImg.svg
FNF:0
FNH:0
DA:1,1
LF:1
LH:1
BRF:0
BRH:0
end_of_record
TN:
SF:src\components\availableServices.vue
FN:22,(anonymous_0)
FNF:1
FNH:0
FNDA:0,(anonymous_0)
DA:20,1
DA:23,0
LF:2
LH:1
BRF:0
BRH:0
end_of_record
TN:
SF:src\components\createAccForm.vue
FN:58,(anonymous_0)
FN:107,(anonymous_1)
FNF:2
FNH:1
FNDA:4,(anonymous_0)
FNDA:0,(anonymous_1)
DA:57,1
DA:59,4
DA:108,0
LF:3
LH:2
BRF:0
BRH:0
end_of_record
TN:
SF:src\components\currentServices.vue
FN:31,(anonymous_0)
FN:36,(anonymous_1)
FNF:2
FNH:0
FNDA:0,(anonymous_0)
FNDA:0,(anonymous_1)
DA:29,1
DA:32,0
DA:37,0
LF:3
LH:1
BRDA:37,0,0,0
BRDA:37,0,1,0
BRF:2
BRH:0
end_of_record
TN:
SF:src\components\dashboardMenuOption.vue
FN:33,(anonymous_0)
FN:38,(anonymous_1)
FNF:2
FNH:0
FNDA:0,(anonymous_0)
FNDA:0,(anonymous_1)
DA:31,1
DA:34,0
DA:39,0
LF:3
LH:1
BRF:0
BRH:0
end_of_record
TN:
SF:src\components\loginForm.vue
FN:40,(anonymous_0)
FN:46,(anonymous_1)
FNF:2
FNH:1
FNDA:5,(anonymous_0)
FNDA:0,(anonymous_1)
DA:39,1
DA:41,5
DA:47,0
LF:3
LH:2
BRF:0
BRH:0
end_of_record
TN:
SF:src\components\summaryCard.vue
FN:15,(anonymous_0)
FNF:1
FNH:0
FNDA:0,(anonymous_0)
DA:14,1
DA:16,0
LF:2
LH:1
BRF:0
BRH:0
end_of_record
